<?xml version="1.0" encoding="UTF-8"?>
<!-- Generated by org.testng.reporters.JUnitReportReporter -->
<testsuite skipped="0" hostname="YP1009100LT" name="fullReserch.JsonDataProvider" tests="2" failures="0" timestamp="21 Jul 2020 11:13:22 GMT" time="0.076" errors="0">
  <testcase name="dataTest" time="0.072" classname="fullReserch.JsonDataProvider"/>
  <testcase name="dataTest" time="0.004" classname="fullReserch.JsonDataProvider"/>
</testsuite> <!-- fullReserch.JsonDataProvider -->
